mktextfm FZShuSong-Z01/OT
mktextfm FZShuSong-Z01/OT
mktextfm FZKai-Z03/OT
mktextfm FZKai-Z03/B/OT
mktextfm FZShuSong-Z01/OT
mktextfm FZShuSong-Z01/BI/OT
mktextfm FZShuSong-Z01/OT
mktextfm FZShuSong-Z01/OT
mktextfm FZKai-Z03/OT
mktextfm FZKai-Z03/OT
mktextfm FZKai-Z03/OT
mktextfm FZKai-Z03/OT
mktextfm FZKai-Z03/OT
mktextfm FZKai-Z03/BI/OT
mktextfm FZKai-Z03/OT
mktextfm FZKai-Z03/B/OT
mktextfm FZKai-Z03/OT
mktextfm FZKai-Z03/I/OT
mktextfm FZKai-Z03/OT
mktextfm FZKai-Z03/OT
mktextfm FZKai-Z03/OT
mktextfm FZShuSong-Z01/OT
mktextfm FZShuSong-Z01/OT
mktextfm FZKai-Z03/OT
mktextfm FZKai-Z03/B/OT
mktextfm FZShuSong-Z01/OT
mktextfm FZShuSong-Z01/BI/OT
mktextfm FZShuSong-Z01/OT
mktextfm FZShuSong-Z01/OT
mktextfm FZKai-Z03/OT
mktextfm FZKai-Z03/OT
mktextfm FZKai-Z03/OT
mktextfm FZKai-Z03/OT
mktextfm FZKai-Z03/OT
mktextfm FZKai-Z03/BI/OT
mktextfm FZKai-Z03/OT
mktextfm FZKai-Z03/B/OT
mktextfm FZKai-Z03/OT
mktextfm FZKai-Z03/I/OT
mktextfm FZKai-Z03/OT
mktextfm FZKai-Z03/OT
mktextfm FZKai-Z03/OT
mktextfm FZShuSong-Z01/OT
mktextfm FZShuSong-Z01/OT
mktextfm FZKai-Z03/OT
mktextfm FZKai-Z03/B/OT
mktextfm FZShuSong-Z01/OT
mktextfm FZShuSong-Z01/BI/OT
mktextfm FZShuSong-Z01/OT
mktextfm FZShuSong-Z01/OT
mktextfm FZKai-Z03/OT
mktextfm FZKai-Z03/OT
mktextfm FZKai-Z03/OT
mktextfm FZKai-Z03/OT
mktextfm FZKai-Z03/OT
mktextfm FZKai-Z03/BI/OT
mktextfm FZKai-Z03/OT
mktextfm FZKai-Z03/B/OT
mktextfm FZKai-Z03/OT
mktextfm FZKai-Z03/I/OT
mktextfm FZKai-Z03/OT
mktextfm FZKai-Z03/OT
mktextfm FZKai-Z03/OT
mktextfm FZShuSong-Z01/OT
mktextfm FZShuSong-Z01/OT
mktextfm FZKai-Z03/OT
mktextfm FZKai-Z03/B/OT
mktextfm FZShuSong-Z01/OT
mktextfm FZShuSong-Z01/BI/OT
mktextfm FZShuSong-Z01/OT
mktextfm FZShuSong-Z01/OT
mktextfm FZKai-Z03/OT
mktextfm FZKai-Z03/OT
mktextfm FZKai-Z03/OT
mktextfm FZKai-Z03/OT
mktextfm FZKai-Z03/OT
mktextfm FZKai-Z03/BI/OT
mktextfm FZKai-Z03/OT
mktextfm FZKai-Z03/B/OT
mktextfm FZKai-Z03/OT
mktextfm FZKai-Z03/I/OT
mktextfm FZKai-Z03/OT
mktextfm FZKai-Z03/OT
mktextfm FZKai-Z03/OT
