\BOOKMARK [0][]{chapter.1}{\376\377\0001\000\040\217\320\122\250\166\204\143\317\217\360\060\000\123\000\123\330\220\037\166\364\176\277\217\320\122\250\166\204\170\024\172\166}{}% 1
\BOOKMARK [1][]{section.1.1}{\376\377\0001\000.\0001\000\040\143\317\217\360\217\320\122\250\166\204\127\372\147\054\151\202\137\365}{chapter.1}% 2
\BOOKMARK [1][]{section.1.2}{\376\377\0001\000.\0002\000\040\123\000\123\330\220\037\166\364\176\277\217\320\122\250\166\204\211\304\137\213\123\312\136\224\165\050}{chapter.1}% 3
\BOOKMARK [1][]{section.1.3}{\376\377\0001\000.\0003\000\040\217\320\122\250\126\376\214\141\060\000\217\375\123\312\124\214\166\370\220\107\225\356\230\230}{chapter.1}% 4
\BOOKMARK [0][]{chapter.2}{\376\377\0002\000\040\166\370\116\222\117\134\165\050}{}% 5
\BOOKMARK [1][]{section.2.1}{\376\377\0002\000.\0001\000\040\221\315\122\233\060\000\137\071\122\233\060\000\144\151\144\346\122\233}{chapter.2}% 6
\BOOKMARK [1][]{section.2.2}{\376\377\0002\000.\0002\000\040\122\233\166\204\124\010\142\020\116\016\122\006\211\343}{chapter.2}% 7
\BOOKMARK [1][]{section.2.3}{\376\377\0002\000.\0003\000\040\123\327\122\233\122\006\147\220\060\000\121\161\160\271\122\233\166\204\136\163\210\141}{chapter.2}% 8
\BOOKMARK [0][]{chapter.3}{\376\377\0003\000\040\162\133\230\177\217\320\122\250\133\232\137\213}{}% 9
\BOOKMARK [1][]{section.3.1}{\376\377\0003\000.\0001\000\040\162\133\230\177\173\054\116\000\060\001\173\054\116\011\133\232\137\213}{chapter.3}% 10
\BOOKMARK [1][]{section.3.2}{\376\377\0003\000.\0002\000\040\162\133\230\177\173\054\116\214\133\232\137\213\060\000\116\044\174\173\122\250\122\233\133\146\225\356\230\230}{chapter.3}% 11
\BOOKMARK [1][]{section.3.3}{\376\377\0003\000.\0003\000\040\162\133\230\177\217\320\122\250\133\232\137\213\166\204\176\374\124\010\136\224\165\050}{chapter.3}% 12
\BOOKMARK [1][]{section*.2}{\376\377\116\140\230\230}{chapter.3}% 13
\BOOKMARK [0][]{chapter.4}{\376\377\0004\000\040\146\362\176\277\217\320\122\250\060\000\116\007\147\011\137\025\122\233\116\016\202\052\131\051}{}% 14
\BOOKMARK [1][]{section.4.1}{\376\377\0004\000.\0001\000\040\146\362\176\277\217\320\122\250\060\000\217\320\122\250\166\204\124\010\142\020\116\016\122\006\211\343}{chapter.4}% 15
\BOOKMARK [1][]{section.4.2}{\376\377\0004\000.\0002\000\040\142\233\117\123\217\320\122\250\166\204\211\304\137\213\123\312\136\224\165\050}{chapter.4}% 16
\BOOKMARK [1][]{section.4.3}{\376\377\0004\000.\0003\000\040\127\006\124\150\217\320\122\250\166\204\211\304\137\213\123\312\136\224\165\050}{chapter.4}% 17
\BOOKMARK [1][]{section.4.4}{\376\377\0004\000.\0004\000\040\116\007\147\011\137\025\122\233\116\016\202\052\131\051}{chapter.4}% 18
\BOOKMARK [1][]{section*.3}{\376\377\116\140\230\230}{chapter.4}% 19
\BOOKMARK [0][]{chapter.5}{\376\377\0005\000\040\147\072\150\260\200\375\123\312\121\166\133\210\140\122\133\232\137\213}{}% 20
\BOOKMARK [1][]{section.5.1}{\376\377\0005\000.\0001\000\040\122\237\124\214\122\237\163\207}{chapter.5}% 21
\BOOKMARK [1][]{section.5.2}{\376\377\0005\000.\0002\000\040\122\250\200\375\133\232\164\006\123\312\121\166\136\224\165\050}{chapter.5}% 22
\BOOKMARK [1][]{section.5.3}{\376\377\0005\000.\0003\000\040\147\072\150\260\200\375\133\210\140\122\133\232\137\213\123\312\121\166\136\224\165\050}{chapter.5}% 23
\BOOKMARK [1][]{section.5.4}{\376\377\0005\000.\0004\000\040\122\237\200\375\121\163\174\373\060\000\200\375\221\317\133\210\140\122\133\232\137\213}{chapter.5}% 24
\BOOKMARK [0][]{chapter.6}{\376\377\0006\000\040\122\250\221\317\133\210\140\122\133\232\137\213\123\312\121\166\136\224\165\050}{}% 25
\BOOKMARK [1][]{section.6.1}{\376\377\0006\000.\0001\000\040\122\250\221\317\133\232\164\006\060\000\122\250\221\317\133\210\140\122\133\232\137\213}{chapter.6}% 26
\BOOKMARK [1][]{section*.4}{\376\377\116\140\230\230}{chapter.6}% 27
\BOOKMARK [0][]{chapter.7}{\376\377\0007\000\040\227\131\165\065\127\072}{}% 28
\BOOKMARK [1][]{section.7.1}{\376\377\0007\000.\0001\000\040\165\065\127\072\122\233\166\204\140\047\215\050}{chapter.7}% 29
\BOOKMARK [1][]{section.7.2}{\376\377\0007\000.\0002\000\040\165\065\127\072\200\375\166\204\140\047\215\050}{chapter.7}% 30
\BOOKMARK [1][]{section.7.3}{\376\377\0007\000.\0003\000\040\165\065\133\271\126\150\060\000\136\046\165\065\174\222\133\120\127\050\165\065\127\072\116\055\166\204\217\320\122\250}{chapter.7}% 31
\BOOKMARK [1][]{section*.5}{\376\377\116\140\230\230}{chapter.7}% 32
\BOOKMARK [0][]{chapter.8}{\376\377\0008\000\040\140\122\133\232\165\065\155\101}{}% 33
\BOOKMARK [1][]{section.8.1}{\376\377\0008\000.\0001\000\040\165\065\155\101\060\000\165\065\226\073\060\000\165\065\122\237\123\312\165\065\122\237\163\207}{chapter.8}% 34
\BOOKMARK [1][]{section.8.2}{\376\377\0008\000.\0002\000\040\165\065\215\357\060\000\225\355\124\010\165\065\215\357\166\204\153\047\131\306\133\232\137\213}{chapter.8}% 35
\BOOKMARK [0][]{chapter.9}{\376\377\0009\000\040\170\301\060\000\060\000\127\072}{}% 36
\BOOKMARK [1][]{section.9.1}{\376\377\0009\000.\0001\000\040\170\301\127\072\060\000\133\211\127\371\122\233}{chapter.9}% 37
\BOOKMARK [1][]{section.9.2}{\376\377\0009\000.\0002\000\040\170\301\127\072\133\371\217\320\122\250\165\065\203\167\166\204\117\134\165\050}{chapter.9}% 38
\BOOKMARK [1][]{section.9.3}{\376\377\0009\000.\0003\000\040\136\046\165\065\174\222\133\120\127\050\131\015\124\010\127\072\116\055\166\204\217\320\122\250}{chapter.9}% 39
\BOOKMARK [0][]{chapter.10}{\376\377\0001\0000\000\040\165\065\170\301\141\037\136\224}{}% 40
\BOOKMARK [1][]{section.10.1}{\376\377\0001\0000\000.\0001\000\040\165\065\170\301\141\037\136\224\163\260\214\141\060\000\151\136\153\041\133\232\137\213}{chapter.10}% 41
\BOOKMARK [1][]{section.10.2}{\376\377\0001\0000\000.\0002\000\040\154\325\142\311\173\054\165\065\170\301\141\037\136\224\133\232\137\213\060\000\201\352\141\037\163\260\214\141}{chapter.10}% 42
\BOOKMARK [1][]{section.10.3}{\376\377\0001\0000\000.\0003\000\040\165\065\170\301\141\037\136\224\133\232\137\213\166\204\176\374\124\010\136\224\165\050}{chapter.10}% 43
\BOOKMARK [0][]{chapter.11}{\376\377\0001\0001\000\040\116\244\123\330\165\065\155\101\060\000\117\040\141\037\126\150}{}% 44
\BOOKMARK [1][]{section.11.1}{\376\377\0001\0001\000.\0001\000\040\116\244\123\330\165\065\155\101\166\204\116\247\165\037\123\312\121\166\123\330\123\026\211\304\137\213}{chapter.11}% 45
\BOOKMARK [1][]{section.11.2}{\376\377\0001\0001\000.\0002\000\040\123\330\123\213\126\150\166\204\123\237\164\006\060\000\165\065\200\375\166\204\217\223\220\001}{chapter.11}% 46
\BOOKMARK [0][]{chapter.12}{\376\377\0001\0002\000\040\154\342\174\222\116\214\214\141\140\047\060\000\123\237\133\120\176\323\147\204\116\016\123\237\133\120\150\070}{}% 47
\BOOKMARK [1][]{section.12.1}{\376\377\0001\0002\000.\0001\000\040\154\342\174\222\116\214\214\141\140\047}{chapter.12}% 48
\BOOKMARK [1][]{section.12.2}{\376\377\0001\0002\000.\0002\000\040\123\237\133\120\176\323\147\204\116\016\123\237\133\120\150\070}{chapter.12}% 49
\BOOKMARK [0][]{chapter.13}{\376\377\0001\0003\000\040\160\355\133\146\000\050\220\011\117\356\0003\000-\0003\000\051}{}% 50
\BOOKMARK [1][]{section.13.1}{\376\377\0001\0003\000.\0001\000\040\122\006\133\120\122\250\164\006\213\272\060\000\121\205\200\375}{chapter.13}% 51
\BOOKMARK [1][]{section.13.2}{\376\377\0001\0003\000.\0002\000\040\126\372\117\123\060\001\155\262\117\123\124\214\154\024\117\123}{chapter.13}% 52
\BOOKMARK [1][]{section.13.3}{\376\377\0001\0003\000.\0003\000\040\160\355\122\233\133\146\133\232\137\213\116\016\200\375\221\317\133\210\140\122}{chapter.13}% 53
\BOOKMARK [0][]{chapter.14}{\376\377\0001\0004\000\040\143\057\122\250\124\214\154\342\060\000\121\111\060\000\166\370\133\371\213\272\000\050\220\011\117\356\0003\000-\0004\000\051}{}% 54
\BOOKMARK [1][]{section.14.1}{\376\377\0001\0004\000.\0001\000\040\147\072\150\260\143\057\122\250}{chapter.14}% 55
\BOOKMARK [1][]{section.14.2}{\376\377\0001\0004\000.\0002\000\040\147\072\150\260\154\342}{chapter.14}% 56
\BOOKMARK [1][]{section.14.3}{\376\377\0001\0004\000.\0003\000\040\121\111\166\204\142\230\134\004\060\000\121\150\123\315\134\004}{chapter.14}% 57
\BOOKMARK [1][]{section.14.4}{\376\377\0001\0004\000.\0004\000\040\121\111\166\204\154\342\122\250\140\047\060\000\165\065\170\301\154\342\124\214\166\370\133\371\213\272}{chapter.14}% 58
\BOOKMARK [0][]{appendix.A}{\376\377\000A\000\040\136\014\201\112\133\127\153\315\136\070\165\050\143\007\116\343\141\017\116\111\123\312\121\166\116\055\145\207\213\373\227\363}{}% 59
\BOOKMARK [0][]{appendix.B}{\376\377\000B\000\040\232\330\116\055\162\151\164\006\121\154\137\017}{}% 60
